ARM GAS  C:\Users\LOCALA~1\AppData\Local\Temp\ccgRWTZb.s 			page 1


   1              		.syntax unified
   2              		.cpu cortex-m3
   3              		.fpu softvfp
   4              		.eabi_attribute 20, 1
   5              		.eabi_attribute 21, 1
   6              		.eabi_attribute 23, 3
   7              		.eabi_attribute 24, 1
   8              		.eabi_attribute 25, 1
   9              		.eabi_attribute 26, 1
  10              		.eabi_attribute 30, 1
  11              		.eabi_attribute 34, 1
  12              		.eabi_attribute 18, 4
  13              		.thumb
  14              		.file	"cymetadata.c"
  15              		.text
  16              	.Ltext0:
  17              		.cfi_sections	.debug_frame
  18              		.global	cy_metadata
  19              		.global	cy_meta_flashprotect
  20              		.global	cy_meta_wonvl
  21              		.global	cy_meta_custnvl
  22              		.global	cy_meta_configecc
  23              		.section	.cyconfigecc,"a",%progbits
  24              		.align	2
  25              		.type	cy_meta_configecc, %object
  26              		.size	cy_meta_configecc, 1432
  27              	cy_meta_configecc:
  28 0000 03       		.byte	3
  29 0001 52       		.byte	82
  30 0002 00       		.byte	0
  31 0003 40       		.byte	64
  32 0004 03       		.byte	3
  33 0005 64       		.byte	100
  34 0006 00       		.byte	0
  35 0007 40       		.byte	64
  36 0008 03       		.byte	3
  37 0009 65       		.byte	101
  38 000a 00       		.byte	0
  39 000b 40       		.byte	64
  40 000c 65       		.byte	101
  41 000d 08       		.byte	8
  42 000e 01       		.byte	1
  43 000f 40       		.byte	64
  44 0010 4E       		.byte	78
  45 0011 09       		.byte	9
  46 0012 01       		.byte	1
  47 0013 40       		.byte	64
  48 0014 60       		.byte	96
  49 0015 0A       		.byte	10
  50 0016 01       		.byte	1
  51 0017 40       		.byte	64
  52 0018 37       		.byte	55
  53 0019 0B       		.byte	11
  54 001a 01       		.byte	1
  55 001b 40       		.byte	64
  56 001c 10       		.byte	16
  57 001d 18       		.byte	24
ARM GAS  C:\Users\LOCALA~1\AppData\Local\Temp\ccgRWTZb.s 			page 2


  58 001e 01       		.byte	1
  59 001f 40       		.byte	64
  60 0020 3D       		.byte	61
  61 0021 19       		.byte	25
  62 0022 01       		.byte	1
  63 0023 40       		.byte	64
  64 0024 20       		.byte	32
  65 0025 1A       		.byte	26
  66 0026 01       		.byte	1
  67 0027 40       		.byte	64
  68 0028 45       		.byte	69
  69 0029 1B       		.byte	27
  70 002a 01       		.byte	1
  71 002b 40       		.byte	64
  72 002c 02       		.byte	2
  73 002d 44       		.byte	68
  74 002e 01       		.byte	1
  75 002f 40       		.byte	64
  76 0030 01       		.byte	1
  77 0031 45       		.byte	69
  78 0032 01       		.byte	1
  79 0033 40       		.byte	64
  80 0034 01       		.byte	1
  81 0035 46       		.byte	70
  82 0036 01       		.byte	1
  83 0037 40       		.byte	64
  84 0038 04       		.byte	4
  85 0039 47       		.byte	71
  86 003a 01       		.byte	1
  87 003b 40       		.byte	64
  88 003c 05       		.byte	5
  89 003d 4C       		.byte	76
  90 003e 01       		.byte	1
  91 003f 40       		.byte	64
  92 0040 06       		.byte	6
  93 0041 4D       		.byte	77
  94 0042 01       		.byte	1
  95 0043 40       		.byte	64
  96 0044 04       		.byte	4
  97 0045 50       		.byte	80
  98 0046 01       		.byte	1
  99 0047 40       		.byte	64
 100 0048 09       		.byte	9
 101 0049 80       		.byte	-128
 102 004a 0C       		.byte	12
 103 004b 40       		.byte	64
 104 004c 64       		.byte	100
 105 004d 40       		.byte	64
 106 004e 88       		.byte	-120
 107 004f 38       		.byte	56
 108 0050 89       		.byte	-119
 109 0051 0F       		.byte	15
 110 0052 8B       		.byte	-117
 111 0053 0F       		.byte	15
 112 0054 88       		.byte	-120
 113 0055 72       		.byte	114
 114 0056 89       		.byte	-119
ARM GAS  C:\Users\LOCALA~1\AppData\Local\Temp\ccgRWTZb.s 			page 3


 115 0057 38       		.byte	56
 116 0058 8A       		.byte	-118
 117 0059 72       		.byte	114
 118 005a 02       		.byte	2
 119 005b 88       		.byte	-120
 120 005c 03       		.byte	3
 121 005d 03       		.byte	3
 122 005e 07       		.byte	7
 123 005f 40       		.byte	64
 124 0060 08       		.byte	8
 125 0061 13       		.byte	19
 126 0062 09       		.byte	9
 127 0063 14       		.byte	20
 128 0064 0A       		.byte	10
 129 0065 C4       		.byte	-60
 130 0066 0C       		.byte	12
 131 0067 03       		.byte	3
 132 0068 0E       		.byte	14
 133 0069 04       		.byte	4
 134 006a 0F       		.byte	15
 135 006b 40       		.byte	64
 136 006c 11       		.byte	17
 137 006d 1C       		.byte	28
 138 006e 13       		.byte	19
 139 006f 02       		.byte	2
 140 0070 14       		.byte	20
 141 0071 13       		.byte	19
 142 0072 15       		.byte	21
 143 0073 10       		.byte	16
 144 0074 16       		.byte	22
 145 0075 4C       		.byte	76
 146 0076 19       		.byte	25
 147 0077 0C       		.byte	12
 148 0078 1B       		.byte	27
 149 0079 11       		.byte	17
 150 007a 1C       		.byte	28
 151 007b 8A       		.byte	-118
 152 007c 1E       		.byte	30
 153 007d 54       		.byte	84
 154 007e 1F       		.byte	31
 155 007f 20       		.byte	32
 156 0080 27       		.byte	39
 157 0081 20       		.byte	32
 158 0082 29       		.byte	41
 159 0083 10       		.byte	16
 160 0084 2A       		.byte	42
 161 0085 80       		.byte	-128
 162 0086 2B       		.byte	43
 163 0087 0C       		.byte	12
 164 0088 2C       		.byte	44
 165 0089 20       		.byte	32
 166 008a 2D       		.byte	45
 167 008b 09       		.byte	9
 168 008c 2E       		.byte	46
 169 008d 45       		.byte	69
 170 008e 2F       		.byte	47
 171 008f 10       		.byte	16
ARM GAS  C:\Users\LOCALA~1\AppData\Local\Temp\ccgRWTZb.s 			page 4


 172 0090 30       		.byte	48
 173 0091 30       		.byte	48
 174 0092 31       		.byte	49
 175 0093 1F       		.byte	31
 176 0094 32       		.byte	50
 177 0095 0F       		.byte	15
 178 0096 33       		.byte	51
 179 0097 20       		.byte	32
 180 0098 34       		.byte	52
 181 0099 C8       		.byte	-56
 182 009a 35       		.byte	53
 183 009b 40       		.byte	64
 184 009c 38       		.byte	56
 185 009d 02       		.byte	2
 186 009e 3A       		.byte	58
 187 009f 28       		.byte	40
 188 00a0 3F       		.byte	63
 189 00a1 14       		.byte	20
 190 00a2 40       		.byte	64
 191 00a3 06       		.byte	6
 192 00a4 47       		.byte	71
 193 00a5 04       		.byte	4
 194 00a6 49       		.byte	73
 195 00a7 FF       		.byte	-1
 196 00a8 4A       		.byte	74
 197 00a9 07       		.byte	7
 198 00aa 4B       		.byte	75
 199 00ab FF       		.byte	-1
 200 00ac 4C       		.byte	76
 201 00ad 40       		.byte	64
 202 00ae 4D       		.byte	77
 203 00af 20       		.byte	32
 204 00b0 4E       		.byte	78
 205 00b1 F0       		.byte	-16
 206 00b2 4F       		.byte	79
 207 00b3 05       		.byte	5
 208 00b4 50       		.byte	80
 209 00b5 08       		.byte	8
 210 00b6 54       		.byte	84
 211 00b7 18       		.byte	24
 212 00b8 58       		.byte	88
 213 00b9 04       		.byte	4
 214 00ba 59       		.byte	89
 215 00bb 04       		.byte	4
 216 00bc 5A       		.byte	90
 217 00bd 04       		.byte	4
 218 00be 5B       		.byte	91
 219 00bf 04       		.byte	4
 220 00c0 5C       		.byte	92
 221 00c1 11       		.byte	17
 222 00c2 5D       		.byte	93
 223 00c3 01       		.byte	1
 224 00c4 5F       		.byte	95
 225 00c5 01       		.byte	1
 226 00c6 60       		.byte	96
 227 00c7 40       		.byte	64
 228 00c8 61       		.byte	97
ARM GAS  C:\Users\LOCALA~1\AppData\Local\Temp\ccgRWTZb.s 			page 5


 229 00c9 A8       		.byte	-88
 230 00ca 62       		.byte	98
 231 00cb 40       		.byte	64
 232 00cc 63       		.byte	99
 233 00cd 20       		.byte	32
 234 00ce 85       		.byte	-123
 235 00cf 03       		.byte	3
 236 00d0 87       		.byte	-121
 237 00d1 44       		.byte	68
 238 00d2 8B       		.byte	-117
 239 00d3 55       		.byte	85
 240 00d4 8E       		.byte	-114
 241 00d5 01       		.byte	1
 242 00d6 8F       		.byte	-113
 243 00d7 08       		.byte	8
 244 00d8 91       		.byte	-111
 245 00d9 80       		.byte	-128
 246 00da 95       		.byte	-107
 247 00db 2A       		.byte	42
 248 00dc 97       		.byte	-105
 249 00dd 44       		.byte	68
 250 00de 99       		.byte	-103
 251 00df 73       		.byte	115
 252 00e0 9B       		.byte	-101
 253 00e1 0C       		.byte	12
 254 00e2 A4       		.byte	-92
 255 00e3 02       		.byte	2
 256 00e4 AD       		.byte	-83
 257 00e5 73       		.byte	115
 258 00e6 AF       		.byte	-81
 259 00e7 04       		.byte	4
 260 00e8 B1       		.byte	-79
 261 00e9 40       		.byte	64
 262 00ea B2       		.byte	-78
 263 00eb 02       		.byte	2
 264 00ec B3       		.byte	-77
 265 00ed 30       		.byte	48
 266 00ee B5       		.byte	-75
 267 00ef 0F       		.byte	15
 268 00f0 B6       		.byte	-74
 269 00f1 01       		.byte	1
 270 00f2 B7       		.byte	-73
 271 00f3 80       		.byte	-128
 272 00f4 B9       		.byte	-71
 273 00f5 08       		.byte	8
 274 00f6 BB       		.byte	-69
 275 00f7 20       		.byte	32
 276 00f8 BE       		.byte	-66
 277 00f9 04       		.byte	4
 278 00fa BF       		.byte	-65
 279 00fb 45       		.byte	69
 280 00fc C0       		.byte	-64
 281 00fd 03       		.byte	3
 282 00fe C7       		.byte	-57
 283 00ff 04       		.byte	4
 284 0100 C9       		.byte	-55
 285 0101 FF       		.byte	-1
ARM GAS  C:\Users\LOCALA~1\AppData\Local\Temp\ccgRWTZb.s 			page 6


 286 0102 CA       		.byte	-54
 287 0103 07       		.byte	7
 288 0104 CB       		.byte	-53
 289 0105 FF       		.byte	-1
 290 0106 CC       		.byte	-52
 291 0107 40       		.byte	64
 292 0108 CD       		.byte	-51
 293 0109 20       		.byte	32
 294 010a CE       		.byte	-50
 295 010b F0       		.byte	-16
 296 010c CF       		.byte	-49
 297 010d 05       		.byte	5
 298 010e D0       		.byte	-48
 299 010f 08       		.byte	8
 300 0110 D4       		.byte	-44
 301 0111 01       		.byte	1
 302 0112 D8       		.byte	-40
 303 0113 04       		.byte	4
 304 0114 D9       		.byte	-39
 305 0115 04       		.byte	4
 306 0116 DA       		.byte	-38
 307 0117 04       		.byte	4
 308 0118 DB       		.byte	-37
 309 0119 04       		.byte	4
 310 011a DF       		.byte	-33
 311 011b 01       		.byte	1
 312 011c E0       		.byte	-32
 313 011d 40       		.byte	64
 314 011e E1       		.byte	-31
 315 011f A8       		.byte	-88
 316 0120 E2       		.byte	-30
 317 0121 40       		.byte	64
 318 0122 E3       		.byte	-29
 319 0123 20       		.byte	32
 320 0124 01       		.byte	1
 321 0125 40       		.byte	64
 322 0126 04       		.byte	4
 323 0127 08       		.byte	8
 324 0128 05       		.byte	5
 325 0129 11       		.byte	17
 326 012a 06       		.byte	6
 327 012b 02       		.byte	2
 328 012c 07       		.byte	7
 329 012d 20       		.byte	32
 330 012e 0E       		.byte	14
 331 012f 12       		.byte	18
 332 0130 10       		.byte	16
 333 0131 20       		.byte	32
 334 0132 14       		.byte	20
 335 0133 04       		.byte	4
 336 0134 16       		.byte	22
 337 0135 05       		.byte	5
 338 0136 19       		.byte	25
 339 0137 04       		.byte	4
 340 0138 1A       		.byte	26
 341 0139 01       		.byte	1
 342 013a 1C       		.byte	28
ARM GAS  C:\Users\LOCALA~1\AppData\Local\Temp\ccgRWTZb.s 			page 7


 343 013b 80       		.byte	-128
 344 013c 1D       		.byte	29
 345 013d 11       		.byte	17
 346 013e 1E       		.byte	30
 347 013f 50       		.byte	80
 348 0140 1F       		.byte	31
 349 0141 04       		.byte	4
 350 0142 20       		.byte	32
 351 0143 10       		.byte	16
 352 0144 21       		.byte	33
 353 0145 21       		.byte	33
 354 0146 23       		.byte	35
 355 0147 01       		.byte	1
 356 0148 25       		.byte	37
 357 0149 01       		.byte	1
 358 014a 26       		.byte	38
 359 014b 22       		.byte	34
 360 014c 27       		.byte	39
 361 014d 10       		.byte	16
 362 014e 29       		.byte	41
 363 014f 80       		.byte	-128
 364 0150 2D       		.byte	45
 365 0151 04       		.byte	4
 366 0152 2E       		.byte	46
 367 0153 40       		.byte	64
 368 0154 2F       		.byte	47
 369 0155 04       		.byte	4
 370 0156 31       		.byte	49
 371 0157 28       		.byte	40
 372 0158 32       		.byte	50
 373 0159 02       		.byte	2
 374 015a 34       		.byte	52
 375 015b 04       		.byte	4
 376 015c 35       		.byte	53
 377 015d 10       		.byte	16
 378 015e 36       		.byte	54
 379 015f 01       		.byte	1
 380 0160 37       		.byte	55
 381 0161 40       		.byte	64
 382 0162 38       		.byte	56
 383 0163 28       		.byte	40
 384 0164 3B       		.byte	59
 385 0165 80       		.byte	-128
 386 0166 3C       		.byte	60
 387 0167 20       		.byte	32
 388 0168 3D       		.byte	61
 389 0169 82       		.byte	-126
 390 016a 3E       		.byte	62
 391 016b 04       		.byte	4
 392 016c 40       		.byte	64
 393 016d 98       		.byte	-104
 394 016e 41       		.byte	65
 395 016f 01       		.byte	1
 396 0170 43       		.byte	67
 397 0171 10       		.byte	16
 398 0172 4E       		.byte	78
 399 0173 08       		.byte	8
ARM GAS  C:\Users\LOCALA~1\AppData\Local\Temp\ccgRWTZb.s 			page 8


 400 0174 50       		.byte	80
 401 0175 10       		.byte	16
 402 0176 51       		.byte	81
 403 0177 04       		.byte	4
 404 0178 53       		.byte	83
 405 0179 10       		.byte	16
 406 017a 55       		.byte	85
 407 017b 04       		.byte	4
 408 017c 56       		.byte	86
 409 017d 05       		.byte	5
 410 017e 57       		.byte	87
 411 017f 02       		.byte	2
 412 0180 58       		.byte	88
 413 0181 81       		.byte	-127
 414 0182 59       		.byte	89
 415 0183 04       		.byte	4
 416 0184 5B       		.byte	91
 417 0185 20       		.byte	32
 418 0186 5F       		.byte	95
 419 0187 02       		.byte	2
 420 0188 64       		.byte	100
 421 0189 0A       		.byte	10
 422 018a 8F       		.byte	-113
 423 018b 01       		.byte	1
 424 018c 90       		.byte	-112
 425 018d 08       		.byte	8
 426 018e 93       		.byte	-109
 427 018f 80       		.byte	-128
 428 0190 95       		.byte	-107
 429 0191 08       		.byte	8
 430 0192 97       		.byte	-105
 431 0193 28       		.byte	40
 432 0194 99       		.byte	-103
 433 0195 80       		.byte	-128
 434 0196 9A       		.byte	-102
 435 0197 02       		.byte	2
 436 0198 9D       		.byte	-99
 437 0199 10       		.byte	16
 438 019a A0       		.byte	-96
 439 019b 30       		.byte	48
 440 019c A1       		.byte	-95
 441 019d 08       		.byte	8
 442 019e A2       		.byte	-94
 443 019f 09       		.byte	9
 444 01a0 A4       		.byte	-92
 445 01a1 40       		.byte	64
 446 01a2 A5       		.byte	-91
 447 01a3 24       		.byte	36
 448 01a4 A7       		.byte	-89
 449 01a5 02       		.byte	2
 450 01a6 B0       		.byte	-80
 451 01a7 01       		.byte	1
 452 01a8 B4       		.byte	-76
 453 01a9 20       		.byte	32
 454 01aa B6       		.byte	-74
 455 01ab 02       		.byte	2
 456 01ac C0       		.byte	-64
ARM GAS  C:\Users\LOCALA~1\AppData\Local\Temp\ccgRWTZb.s 			page 9


 457 01ad D1       		.byte	-47
 458 01ae C2       		.byte	-62
 459 01af A0       		.byte	-96
 460 01b0 C4       		.byte	-60
 461 01b1 C4       		.byte	-60
 462 01b2 CA       		.byte	-54
 463 01b3 78       		.byte	120
 464 01b4 CC       		.byte	-52
 465 01b5 F7       		.byte	-9
 466 01b6 CE       		.byte	-50
 467 01b7 FE       		.byte	-2
 468 01b8 D0       		.byte	-48
 469 01b9 02       		.byte	2
 470 01ba D2       		.byte	-46
 471 01bb 20       		.byte	32
 472 01bc D6       		.byte	-42
 473 01bd 8F       		.byte	-113
 474 01be D8       		.byte	-40
 475 01bf 30       		.byte	48
 476 01c0 04       		.byte	4
 477 01c1 DC       		.byte	-36
 478 01c2 06       		.byte	6
 479 01c3 22       		.byte	34
 480 01c4 0A       		.byte	10
 481 01c5 03       		.byte	3
 482 01c6 0C       		.byte	12
 483 01c7 0C       		.byte	12
 484 01c8 0E       		.byte	14
 485 01c9 71       		.byte	113
 486 01ca 10       		.byte	16
 487 01cb 09       		.byte	9
 488 01cc 12       		.byte	18
 489 01cd D0       		.byte	-48
 490 01ce 18       		.byte	24
 491 01cf 10       		.byte	16
 492 01d0 1A       		.byte	26
 493 01d1 AC       		.byte	-84
 494 01d2 20       		.byte	32
 495 01d3 14       		.byte	20
 496 01d4 24       		.byte	36
 497 01d5 10       		.byte	16
 498 01d6 26       		.byte	38
 499 01d7 40       		.byte	64
 500 01d8 29       		.byte	41
 501 01d9 01       		.byte	1
 502 01da 2A       		.byte	42
 503 01db 20       		.byte	32
 504 01dc 34       		.byte	52
 505 01dd 1F       		.byte	31
 506 01de 36       		.byte	54
 507 01df E0       		.byte	-32
 508 01e0 37       		.byte	55
 509 01e1 01       		.byte	1
 510 01e2 3A       		.byte	58
 511 01e3 80       		.byte	-128
 512 01e4 3F       		.byte	63
 513 01e5 40       		.byte	64
ARM GAS  C:\Users\LOCALA~1\AppData\Local\Temp\ccgRWTZb.s 			page 10


 514 01e6 40       		.byte	64
 515 01e7 26       		.byte	38
 516 01e8 41       		.byte	65
 517 01e9 05       		.byte	5
 518 01ea 46       		.byte	70
 519 01eb EB       		.byte	-21
 520 01ec 47       		.byte	71
 521 01ed 0C       		.byte	12
 522 01ee 48       		.byte	72
 523 01ef 1C       		.byte	28
 524 01f0 49       		.byte	73
 525 01f1 FF       		.byte	-1
 526 01f2 4A       		.byte	74
 527 01f3 FF       		.byte	-1
 528 01f4 4B       		.byte	75
 529 01f5 FF       		.byte	-1
 530 01f6 4E       		.byte	78
 531 01f7 F0       		.byte	-16
 532 01f8 4F       		.byte	79
 533 01f9 44       		.byte	68
 534 01fa 50       		.byte	80
 535 01fb 0C       		.byte	12
 536 01fc 58       		.byte	88
 537 01fd 04       		.byte	4
 538 01fe 59       		.byte	89
 539 01ff 04       		.byte	4
 540 0200 5A       		.byte	90
 541 0201 04       		.byte	4
 542 0202 5F       		.byte	95
 543 0203 01       		.byte	1
 544 0204 66       		.byte	102
 545 0205 C0       		.byte	-64
 546 0206 6A       		.byte	106
 547 0207 40       		.byte	64
 548 0208 6B       		.byte	107
 549 0209 02       		.byte	2
 550 020a 80       		.byte	-128
 551 020b 80       		.byte	-128
 552 020c 84       		.byte	-124
 553 020d 0C       		.byte	12
 554 020e 86       		.byte	-122
 555 020f 13       		.byte	19
 556 0210 87       		.byte	-121
 557 0211 08       		.byte	8
 558 0212 88       		.byte	-120
 559 0213 40       		.byte	64
 560 0214 8C       		.byte	-116
 561 0215 11       		.byte	17
 562 0216 8E       		.byte	-114
 563 0217 0E       		.byte	14
 564 0218 8F       		.byte	-113
 565 0219 0C       		.byte	12
 566 021a 92       		.byte	-110
 567 021b 0C       		.byte	12
 568 021c 94       		.byte	-108
 569 021d 20       		.byte	32
 570 021e 96       		.byte	-106
ARM GAS  C:\Users\LOCALA~1\AppData\Local\Temp\ccgRWTZb.s 			page 11


 571 021f 03       		.byte	3
 572 0220 98       		.byte	-104
 573 0221 11       		.byte	17
 574 0222 99       		.byte	-103
 575 0223 31       		.byte	49
 576 0224 9A       		.byte	-102
 577 0225 06       		.byte	6
 578 0226 9B       		.byte	-101
 579 0227 0E       		.byte	14
 580 0228 9D       		.byte	-99
 581 0229 2C       		.byte	44
 582 022a 9E       		.byte	-98
 583 022b 40       		.byte	64
 584 022c 9F       		.byte	-97
 585 022d 03       		.byte	3
 586 022e A2       		.byte	-94
 587 022f 40       		.byte	64
 588 0230 A6       		.byte	-90
 589 0231 08       		.byte	8
 590 0232 A8       		.byte	-88
 591 0233 40       		.byte	64
 592 0234 A9       		.byte	-87
 593 0235 31       		.byte	49
 594 0236 AB       		.byte	-85
 595 0237 06       		.byte	6
 596 0238 AE       		.byte	-82
 597 0239 40       		.byte	64
 598 023a AF       		.byte	-81
 599 023b 13       		.byte	19
 600 023c B0       		.byte	-80
 601 023d 40       		.byte	64
 602 023e B1       		.byte	-79
 603 023f 0F       		.byte	15
 604 0240 B2       		.byte	-78
 605 0241 0F       		.byte	15
 606 0242 B3       		.byte	-77
 607 0243 30       		.byte	48
 608 0244 B4       		.byte	-76
 609 0245 80       		.byte	-128
 610 0246 B6       		.byte	-74
 611 0247 30       		.byte	48
 612 0248 B8       		.byte	-72
 613 0249 80       		.byte	-128
 614 024a B9       		.byte	-71
 615 024b 08       		.byte	8
 616 024c BA       		.byte	-70
 617 024d 08       		.byte	8
 618 024e BB       		.byte	-69
 619 024f 02       		.byte	2
 620 0250 BE       		.byte	-66
 621 0251 11       		.byte	17
 622 0252 BF       		.byte	-65
 623 0253 04       		.byte	4
 624 0254 C0       		.byte	-64
 625 0255 64       		.byte	100
 626 0256 C1       		.byte	-63
 627 0257 02       		.byte	2
ARM GAS  C:\Users\LOCALA~1\AppData\Local\Temp\ccgRWTZb.s 			page 12


 628 0258 C6       		.byte	-58
 629 0259 BE       		.byte	-66
 630 025a C7       		.byte	-57
 631 025b C0       		.byte	-64
 632 025c C8       		.byte	-56
 633 025d 2C       		.byte	44
 634 025e C9       		.byte	-55
 635 025f FF       		.byte	-1
 636 0260 CA       		.byte	-54
 637 0261 FF       		.byte	-1
 638 0262 CB       		.byte	-53
 639 0263 FF       		.byte	-1
 640 0264 CE       		.byte	-50
 641 0265 F0       		.byte	-16
 642 0266 CF       		.byte	-49
 643 0267 44       		.byte	68
 644 0268 D0       		.byte	-48
 645 0269 0C       		.byte	12
 646 026a D4       		.byte	-44
 647 026b 01       		.byte	1
 648 026c D8       		.byte	-40
 649 026d 04       		.byte	4
 650 026e D9       		.byte	-39
 651 026f 04       		.byte	4
 652 0270 DA       		.byte	-38
 653 0271 04       		.byte	4
 654 0272 DB       		.byte	-37
 655 0273 04       		.byte	4
 656 0274 DC       		.byte	-36
 657 0275 10       		.byte	16
 658 0276 DD       		.byte	-35
 659 0277 11       		.byte	17
 660 0278 DF       		.byte	-33
 661 0279 01       		.byte	1
 662 027a E6       		.byte	-26
 663 027b C0       		.byte	-64
 664 027c EA       		.byte	-22
 665 027d 40       		.byte	64
 666 027e EB       		.byte	-21
 667 027f 02       		.byte	2
 668 0280 01       		.byte	1
 669 0281 A0       		.byte	-96
 670 0282 03       		.byte	3
 671 0283 10       		.byte	16
 672 0284 04       		.byte	4
 673 0285 01       		.byte	1
 674 0286 05       		.byte	5
 675 0287 94       		.byte	-108
 676 0288 06       		.byte	6
 677 0289 40       		.byte	64
 678 028a 07       		.byte	7
 679 028b 10       		.byte	16
 680 028c 09       		.byte	9
 681 028d 20       		.byte	32
 682 028e 0A       		.byte	10
 683 028f 40       		.byte	64
 684 0290 0B       		.byte	11
ARM GAS  C:\Users\LOCALA~1\AppData\Local\Temp\ccgRWTZb.s 			page 13


 685 0291 80       		.byte	-128
 686 0292 0D       		.byte	13
 687 0293 20       		.byte	32
 688 0294 0E       		.byte	14
 689 0295 40       		.byte	64
 690 0296 0F       		.byte	15
 691 0297 12       		.byte	18
 692 0298 10       		.byte	16
 693 0299 90       		.byte	-112
 694 029a 13       		.byte	19
 695 029b 10       		.byte	16
 696 029c 14       		.byte	20
 697 029d 10       		.byte	16
 698 029e 15       		.byte	21
 699 029f 18       		.byte	24
 700 02a0 16       		.byte	22
 701 02a1 80       		.byte	-128
 702 02a2 17       		.byte	23
 703 02a3 80       		.byte	-128
 704 02a4 19       		.byte	25
 705 02a5 A0       		.byte	-96
 706 02a6 1C       		.byte	28
 707 02a7 40       		.byte	64
 708 02a8 1D       		.byte	29
 709 02a9 0C       		.byte	12
 710 02aa 1E       		.byte	30
 711 02ab 04       		.byte	4
 712 02ac 1F       		.byte	31
 713 02ad 40       		.byte	64
 714 02ae 20       		.byte	32
 715 02af 02       		.byte	2
 716 02b0 26       		.byte	38
 717 02b1 09       		.byte	9
 718 02b2 27       		.byte	39
 719 02b3 80       		.byte	-128
 720 02b4 29       		.byte	41
 721 02b5 20       		.byte	32
 722 02b6 2D       		.byte	45
 723 02b7 10       		.byte	16
 724 02b8 2E       		.byte	46
 725 02b9 80       		.byte	-128
 726 02ba 2F       		.byte	47
 727 02bb 06       		.byte	6
 728 02bc 35       		.byte	53
 729 02bd 10       		.byte	16
 730 02be 37       		.byte	55
 731 02bf A0       		.byte	-96
 732 02c0 3C       		.byte	60
 733 02c1 80       		.byte	-128
 734 02c2 3D       		.byte	61
 735 02c3 08       		.byte	8
 736 02c4 41       		.byte	65
 737 02c5 20       		.byte	32
 738 02c6 46       		.byte	70
 739 02c7 80       		.byte	-128
 740 02c8 47       		.byte	71
 741 02c9 20       		.byte	32
ARM GAS  C:\Users\LOCALA~1\AppData\Local\Temp\ccgRWTZb.s 			page 14


 742 02ca 49       		.byte	73
 743 02cb 80       		.byte	-128
 744 02cc 4B       		.byte	75
 745 02cd 30       		.byte	48
 746 02ce 4D       		.byte	77
 747 02cf 10       		.byte	16
 748 02d0 50       		.byte	80
 749 02d1 A4       		.byte	-92
 750 02d2 54       		.byte	84
 751 02d3 10       		.byte	16
 752 02d4 56       		.byte	86
 753 02d5 42       		.byte	66
 754 02d6 57       		.byte	87
 755 02d7 01       		.byte	1
 756 02d8 5C       		.byte	92
 757 02d9 61       		.byte	97
 758 02da 5E       		.byte	94
 759 02db 04       		.byte	4
 760 02dc C0       		.byte	-64
 761 02dd F7       		.byte	-9
 762 02de C2       		.byte	-62
 763 02df FA       		.byte	-6
 764 02e0 C4       		.byte	-60
 765 02e1 FE       		.byte	-2
 766 02e2 CA       		.byte	-54
 767 02e3 34       		.byte	52
 768 02e4 CC       		.byte	-52
 769 02e5 30       		.byte	48
 770 02e6 CE       		.byte	-50
 771 02e7 50       		.byte	80
 772 02e8 D0       		.byte	-48
 773 02e9 A4       		.byte	-92
 774 02ea D2       		.byte	-46
 775 02eb 2C       		.byte	44
 776 02ec D6       		.byte	-42
 777 02ed F0       		.byte	-16
 778 02ee 8A       		.byte	-118
 779 02ef 02       		.byte	2
 780 02f0 8E       		.byte	-114
 781 02f1 02       		.byte	2
 782 02f2 92       		.byte	-110
 783 02f3 01       		.byte	1
 784 02f4 A2       		.byte	-94
 785 02f5 01       		.byte	1
 786 02f6 A7       		.byte	-89
 787 02f7 01       		.byte	1
 788 02f8 B0       		.byte	-80
 789 02f9 02       		.byte	2
 790 02fa B1       		.byte	-79
 791 02fb 01       		.byte	1
 792 02fc B4       		.byte	-76
 793 02fd 01       		.byte	1
 794 02fe BE       		.byte	-66
 795 02ff 11       		.byte	17
 796 0300 D4       		.byte	-44
 797 0301 18       		.byte	24
 798 0302 D8       		.byte	-40
ARM GAS  C:\Users\LOCALA~1\AppData\Local\Temp\ccgRWTZb.s 			page 15


 799 0303 04       		.byte	4
 800 0304 D9       		.byte	-39
 801 0305 04       		.byte	4
 802 0306 DB       		.byte	-37
 803 0307 04       		.byte	4
 804 0308 DC       		.byte	-36
 805 0309 10       		.byte	16
 806 030a DD       		.byte	-35
 807 030b 10       		.byte	16
 808 030c DF       		.byte	-33
 809 030d 01       		.byte	1
 810 030e 00       		.byte	0
 811 030f 20       		.byte	32
 812 0310 01       		.byte	1
 813 0311 80       		.byte	-128
 814 0312 05       		.byte	5
 815 0313 19       		.byte	25
 816 0314 07       		.byte	7
 817 0315 10       		.byte	16
 818 0316 0A       		.byte	10
 819 0317 80       		.byte	-128
 820 0318 0C       		.byte	12
 821 0319 04       		.byte	4
 822 031a 0D       		.byte	13
 823 031b 22       		.byte	34
 824 031c 0E       		.byte	14
 825 031d 02       		.byte	2
 826 031e 10       		.byte	16
 827 031f 80       		.byte	-128
 828 0320 14       		.byte	20
 829 0321 40       		.byte	64
 830 0322 15       		.byte	21
 831 0323 40       		.byte	64
 832 0324 17       		.byte	23
 833 0325 29       		.byte	41
 834 0326 18       		.byte	24
 835 0327 04       		.byte	4
 836 0328 1B       		.byte	27
 837 0329 01       		.byte	1
 838 032a 1D       		.byte	29
 839 032b 01       		.byte	1
 840 032c 1E       		.byte	30
 841 032d 16       		.byte	22
 842 032e 1F       		.byte	31
 843 032f 40       		.byte	64
 844 0330 21       		.byte	33
 845 0331 01       		.byte	1
 846 0332 25       		.byte	37
 847 0333 20       		.byte	32
 848 0334 27       		.byte	39
 849 0335 56       		.byte	86
 850 0336 28       		.byte	40
 851 0337 20       		.byte	32
 852 0338 2C       		.byte	44
 853 0339 04       		.byte	4
 854 033a 2D       		.byte	45
 855 033b 48       		.byte	72
ARM GAS  C:\Users\LOCALA~1\AppData\Local\Temp\ccgRWTZb.s 			page 16


 856 033c 2F       		.byte	47
 857 033d 44       		.byte	68
 858 033e 34       		.byte	52
 859 033f 40       		.byte	64
 860 0340 35       		.byte	53
 861 0341 11       		.byte	17
 862 0342 37       		.byte	55
 863 0343 04       		.byte	4
 864 0344 3E       		.byte	62
 865 0345 A9       		.byte	-87
 866 0346 45       		.byte	69
 867 0347 A2       		.byte	-94
 868 0348 46       		.byte	70
 869 0349 80       		.byte	-128
 870 034a 4A       		.byte	74
 871 034b 03       		.byte	3
 872 034c 4D       		.byte	77
 873 034d 04       		.byte	4
 874 034e 4E       		.byte	78
 875 034f 06       		.byte	6
 876 0350 55       		.byte	85
 877 0351 40       		.byte	64
 878 0352 5A       		.byte	90
 879 0353 0E       		.byte	14
 880 0354 5E       		.byte	94
 881 0355 10       		.byte	16
 882 0356 60       		.byte	96
 883 0357 04       		.byte	4
 884 0358 63       		.byte	99
 885 0359 02       		.byte	2
 886 035a 6C       		.byte	108
 887 035b 01       		.byte	1
 888 035c 6D       		.byte	109
 889 035d 10       		.byte	16
 890 035e 6E       		.byte	110
 891 035f 08       		.byte	8
 892 0360 76       		.byte	118
 893 0361 28       		.byte	40
 894 0362 77       		.byte	119
 895 0363 29       		.byte	41
 896 0364 92       		.byte	-110
 897 0365 01       		.byte	1
 898 0366 95       		.byte	-107
 899 0367 44       		.byte	68
 900 0368 96       		.byte	-106
 901 0369 04       		.byte	4
 902 036a 9F       		.byte	-97
 903 036b 42       		.byte	66
 904 036c A5       		.byte	-91
 905 036d 40       		.byte	64
 906 036e B0       		.byte	-80
 907 036f 21       		.byte	33
 908 0370 B4       		.byte	-76
 909 0371 02       		.byte	2
 910 0372 B6       		.byte	-74
 911 0373 20       		.byte	32
 912 0374 C0       		.byte	-64
ARM GAS  C:\Users\LOCALA~1\AppData\Local\Temp\ccgRWTZb.s 			page 17


 913 0375 73       		.byte	115
 914 0376 C2       		.byte	-62
 915 0377 F8       		.byte	-8
 916 0378 C4       		.byte	-60
 917 0379 F8       		.byte	-8
 918 037a CA       		.byte	-54
 919 037b F2       		.byte	-14
 920 037c CC       		.byte	-52
 921 037d F0       		.byte	-16
 922 037e CE       		.byte	-50
 923 037f F0       		.byte	-16
 924 0380 D0       		.byte	-48
 925 0381 B0       		.byte	-80
 926 0382 D2       		.byte	-46
 927 0383 30       		.byte	48
 928 0384 D6       		.byte	-42
 929 0385 21       		.byte	33
 930 0386 D8       		.byte	-40
 931 0387 0C       		.byte	12
 932 0388 80       		.byte	-128
 933 0389 80       		.byte	-128
 934 038a 81       		.byte	-127
 935 038b 22       		.byte	34
 936 038c 83       		.byte	-125
 937 038d 51       		.byte	81
 938 038e 85       		.byte	-123
 939 038f E7       		.byte	-25
 940 0390 88       		.byte	-120
 941 0391 02       		.byte	2
 942 0392 89       		.byte	-119
 943 0393 E7       		.byte	-25
 944 0394 8A       		.byte	-118
 945 0395 15       		.byte	21
 946 0396 8D       		.byte	-115
 947 0397 44       		.byte	68
 948 0398 8F       		.byte	-113
 949 0399 31       		.byte	49
 950 039a 91       		.byte	-111
 951 039b 80       		.byte	-128
 952 039c 94       		.byte	-108
 953 039d 44       		.byte	68
 954 039e 96       		.byte	-106
 955 039f 2A       		.byte	42
 956 03a0 98       		.byte	-104
 957 03a1 E7       		.byte	-25
 958 03a2 99       		.byte	-103
 959 03a3 01       		.byte	1
 960 03a4 9B       		.byte	-101
 961 03a5 0E       		.byte	14
 962 03a6 A8       		.byte	-88
 963 03a7 E7       		.byte	-25
 964 03a8 AC       		.byte	-84
 965 03a9 21       		.byte	33
 966 03aa AE       		.byte	-82
 967 03ab 4A       		.byte	74
 968 03ac B0       		.byte	-80
 969 03ad 80       		.byte	-128
ARM GAS  C:\Users\LOCALA~1\AppData\Local\Temp\ccgRWTZb.s 			page 18


 970 03ae B1       		.byte	-79
 971 03af 60       		.byte	96
 972 03b0 B2       		.byte	-78
 973 03b1 60       		.byte	96
 974 03b2 B3       		.byte	-77
 975 03b3 07       		.byte	7
 976 03b4 B4       		.byte	-76
 977 03b5 07       		.byte	7
 978 03b6 B5       		.byte	-75
 979 03b7 18       		.byte	24
 980 03b8 B6       		.byte	-74
 981 03b9 18       		.byte	24
 982 03ba B7       		.byte	-73
 983 03bb 80       		.byte	-128
 984 03bc BE       		.byte	-66
 985 03bd 40       		.byte	64
 986 03be BF       		.byte	-65
 987 03bf 10       		.byte	16
 988 03c0 D8       		.byte	-40
 989 03c1 04       		.byte	4
 990 03c2 D9       		.byte	-39
 991 03c3 04       		.byte	4
 992 03c4 DC       		.byte	-36
 993 03c5 10       		.byte	16
 994 03c6 DF       		.byte	-33
 995 03c7 01       		.byte	1
 996 03c8 00       		.byte	0
 997 03c9 02       		.byte	2
 998 03ca 03       		.byte	3
 999 03cb 19       		.byte	25
 1000 03cc 04       		.byte	4
 1001 03cd 02       		.byte	2
 1002 03ce 05       		.byte	5
 1003 03cf 10       		.byte	16
 1004 03d0 08       		.byte	8
 1005 03d1 50       		.byte	80
 1006 03d2 09       		.byte	9
 1007 03d3 08       		.byte	8
 1008 03d4 0A       		.byte	10
 1009 03d5 41       		.byte	65
 1010 03d6 0B       		.byte	11
 1011 03d7 04       		.byte	4
 1012 03d8 0E       		.byte	14
 1013 03d9 28       		.byte	40
 1014 03da 11       		.byte	17
 1015 03db 02       		.byte	2
 1016 03dc 12       		.byte	18
 1017 03dd 80       		.byte	-128
 1018 03de 13       		.byte	19
 1019 03df 18       		.byte	24
 1020 03e0 15       		.byte	21
 1021 03e1 50       		.byte	80
 1022 03e2 18       		.byte	24
 1023 03e3 04       		.byte	4
 1024 03e4 19       		.byte	25
 1025 03e5 A1       		.byte	-95
 1026 03e6 1B       		.byte	27
ARM GAS  C:\Users\LOCALA~1\AppData\Local\Temp\ccgRWTZb.s 			page 19


 1027 03e7 08       		.byte	8
 1028 03e8 1D       		.byte	29
 1029 03e9 92       		.byte	-110
 1030 03ea 1E       		.byte	30
 1031 03eb 20       		.byte	32
 1032 03ec 1F       		.byte	31
 1033 03ed 04       		.byte	4
 1034 03ee 21       		.byte	33
 1035 03ef 08       		.byte	8
 1036 03f0 22       		.byte	34
 1037 03f1 49       		.byte	73
 1038 03f2 23       		.byte	35
 1039 03f3 04       		.byte	4
 1040 03f4 24       		.byte	36
 1041 03f5 40       		.byte	64
 1042 03f6 27       		.byte	39
 1043 03f7 35       		.byte	53
 1044 03f8 28       		.byte	40
 1045 03f9 50       		.byte	80
 1046 03fa 29       		.byte	41
 1047 03fb 40       		.byte	64
 1048 03fc 2B       		.byte	43
 1049 03fd 08       		.byte	8
 1050 03fe 31       		.byte	49
 1051 03ff 08       		.byte	8
 1052 0400 32       		.byte	50
 1053 0401 80       		.byte	-128
 1054 0402 33       		.byte	51
 1055 0403 11       		.byte	17
 1056 0404 37       		.byte	55
 1057 0405 22       		.byte	34
 1058 0406 38       		.byte	56
 1059 0407 68       		.byte	104
 1060 0408 39       		.byte	57
 1061 0409 02       		.byte	2
 1062 040a 3C       		.byte	60
 1063 040b 42       		.byte	66
 1064 040c 3E       		.byte	62
 1065 040d 54       		.byte	84
 1066 040e 40       		.byte	64
 1067 040f 04       		.byte	4
 1068 0410 43       		.byte	67
 1069 0411 05       		.byte	5
 1070 0412 48       		.byte	72
 1071 0413 10       		.byte	16
 1072 0414 49       		.byte	73
 1073 0415 80       		.byte	-128
 1074 0416 4A       		.byte	74
 1075 0417 08       		.byte	8
 1076 0418 50       		.byte	80
 1077 0419 80       		.byte	-128
 1078 041a 59       		.byte	89
 1079 041b 01       		.byte	1
 1080 041c 6A       		.byte	106
 1081 041d 14       		.byte	20
 1082 041e 6B       		.byte	107
 1083 041f 02       		.byte	2
ARM GAS  C:\Users\LOCALA~1\AppData\Local\Temp\ccgRWTZb.s 			page 20


 1084 0420 70       		.byte	112
 1085 0421 14       		.byte	20
 1086 0422 72       		.byte	114
 1087 0423 01       		.byte	1
 1088 0424 73       		.byte	115
 1089 0425 18       		.byte	24
 1090 0426 88       		.byte	-120
 1091 0427 21       		.byte	33
 1092 0428 89       		.byte	-119
 1093 0429 40       		.byte	64
 1094 042a 8D       		.byte	-115
 1095 042b 21       		.byte	33
 1096 042c 90       		.byte	-112
 1097 042d 02       		.byte	2
 1098 042e 91       		.byte	-111
 1099 042f 52       		.byte	82
 1100 0430 96       		.byte	-106
 1101 0431 82       		.byte	-126
 1102 0432 97       		.byte	-105
 1103 0433 08       		.byte	8
 1104 0434 9C       		.byte	-100
 1105 0435 20       		.byte	32
 1106 0436 9D       		.byte	-99
 1107 0437 90       		.byte	-112
 1108 0438 A2       		.byte	-94
 1109 0439 04       		.byte	4
 1110 043a A4       		.byte	-92
 1111 043b 90       		.byte	-112
 1112 043c A5       		.byte	-91
 1113 043d 82       		.byte	-126
 1114 043e B5       		.byte	-75
 1115 043f 40       		.byte	64
 1116 0440 C0       		.byte	-64
 1117 0441 5F       		.byte	95
 1118 0442 C2       		.byte	-62
 1119 0443 6F       		.byte	111
 1120 0444 C4       		.byte	-60
 1121 0445 CE       		.byte	-50
 1122 0446 CA       		.byte	-54
 1123 0447 0F       		.byte	15
 1124 0448 CC       		.byte	-52
 1125 0449 AF       		.byte	-81
 1126 044a CE       		.byte	-50
 1127 044b FF       		.byte	-1
 1128 044c D0       		.byte	-48
 1129 044d 07       		.byte	7
 1130 044e D2       		.byte	-46
 1131 044f 0C       		.byte	12
 1132 0450 D6       		.byte	-42
 1133 0451 01       		.byte	1
 1134 0452 78       		.byte	120
 1135 0453 40       		.byte	64
 1136 0454 DC       		.byte	-36
 1137 0455 01       		.byte	1
 1138 0456 9C       		.byte	-100
 1139 0457 40       		.byte	64
 1140 0458 9C       		.byte	-100
ARM GAS  C:\Users\LOCALA~1\AppData\Local\Temp\ccgRWTZb.s 			page 21


 1141 0459 40       		.byte	64
 1142 045a 8E       		.byte	-114
 1143 045b 02       		.byte	2
 1144 045c B0       		.byte	-80
 1145 045d 40       		.byte	64
 1146 045e E4       		.byte	-28
 1147 045f 08       		.byte	8
 1148 0460 E8       		.byte	-24
 1149 0461 01       		.byte	1
 1150 0462 0B       		.byte	11
 1151 0463 02       		.byte	2
 1152 0464 62       		.byte	98
 1153 0465 02       		.byte	2
 1154 0466 A2       		.byte	-94
 1155 0467 02       		.byte	2
 1156 0468 C2       		.byte	-62
 1157 0469 02       		.byte	2
 1158 046a D8       		.byte	-40
 1159 046b 02       		.byte	2
 1160 046c 10       		.byte	16
 1161 046d 40       		.byte	64
 1162 046e 88       		.byte	-120
 1163 046f 40       		.byte	64
 1164 0470 B7       		.byte	-73
 1165 0471 01       		.byte	1
 1166 0472 C4       		.byte	-60
 1167 0473 08       		.byte	8
 1168 0474 E2       		.byte	-30
 1169 0475 01       		.byte	1
 1170 0476 EA       		.byte	-22
 1171 0477 02       		.byte	2
 1172 0478 00       		.byte	0
 1173 0479 03       		.byte	3
 1174 047a 0C       		.byte	12
 1175 047b 03       		.byte	3
 1176 047c 10       		.byte	16
 1177 047d 03       		.byte	3
 1178 047e 1C       		.byte	28
 1179 047f 03       		.byte	3
 1180 0480 1F       		.byte	31
 1181 0481 00       		.byte	0
 1182 0482 60       		.byte	96
 1183 0483 04       		.byte	4
 1184 0484 5C       		.byte	92
 1185 0485 08       		.byte	8
 1186 0486 23       		.byte	35
 1187 0487 00       		.byte	0
 1188 0488 03       		.byte	3
 1189 0489 18       		.byte	24
 1190 048a 00       		.byte	0
 1191 048b 00       		.byte	0
 1192 048c 00       		.byte	0
 1193 048d 00       		.byte	0
 1194 048e 00       		.byte	0
 1195 048f 63       		.byte	99
 1196 0490 00       		.byte	0
 1197 0491 1C       		.byte	28
ARM GAS  C:\Users\LOCALA~1\AppData\Local\Temp\ccgRWTZb.s 			page 22


 1198 0492 63       		.byte	99
 1199 0493 E1       		.byte	-31
 1200 0494 02       		.byte	2
 1201 0495 FF       		.byte	-1
 1202 0496 00       		.byte	0
 1203 0497 00       		.byte	0
 1204 0498 7F       		.byte	127
 1205 0499 60       		.byte	96
 1206 049a 00       		.byte	0
 1207 049b 00       		.byte	0
 1208 049c 73       		.byte	115
 1209 049d 10       		.byte	16
 1210 049e 0C       		.byte	12
 1211 049f 00       		.byte	0
 1212 04a0 08       		.byte	8
 1213 04a1 E7       		.byte	-25
 1214 04a2 00       		.byte	0
 1215 04a3 18       		.byte	24
 1216 04a4 04       		.byte	4
 1217 04a5 1C       		.byte	28
 1218 04a6 00       		.byte	0
 1219 04a7 E2       		.byte	-30
 1220 04a8 0C       		.byte	12
 1221 04a9 40       		.byte	64
 1222 04aa 00       		.byte	0
 1223 04ab 00       		.byte	0
 1224 04ac 01       		.byte	1
 1225 04ad 24       		.byte	36
 1226 04ae 00       		.byte	0
 1227 04af 00       		.byte	0
 1228 04b0 2C       		.byte	44
 1229 04b1 80       		.byte	-128
 1230 04b2 10       		.byte	16
 1231 04b3 1F       		.byte	31
 1232 04b4 4C       		.byte	76
 1233 04b5 00       		.byte	0
 1234 04b6 0F       		.byte	15
 1235 04b7 60       		.byte	96
 1236 04b8 00       		.byte	0
 1237 04b9 02       		.byte	2
 1238 04ba 82       		.byte	-126
 1239 04bb 28       		.byte	40
 1240 04bc 00       		.byte	0
 1241 04bd 00       		.byte	0
 1242 04be 04       		.byte	4
 1243 04bf 00       		.byte	0
 1244 04c0 54       		.byte	84
 1245 04c1 02       		.byte	2
 1246 04c2 06       		.byte	6
 1247 04c3 00       		.byte	0
 1248 04c4 01       		.byte	1
 1249 04c5 0E       		.byte	14
 1250 04c6 0C       		.byte	12
 1251 04c7 00       		.byte	0
 1252 04c8 05       		.byte	5
 1253 04c9 FF       		.byte	-1
 1254 04ca FF       		.byte	-1
ARM GAS  C:\Users\LOCALA~1\AppData\Local\Temp\ccgRWTZb.s 			page 23


 1255 04cb FF       		.byte	-1
 1256 04cc 62       		.byte	98
 1257 04cd A0       		.byte	-96
 1258 04ce F0       		.byte	-16
 1259 04cf 41       		.byte	65
 1260 04d0 0C       		.byte	12
 1261 04d1 00       		.byte	0
 1262 04d2 00       		.byte	0
 1263 04d3 00       		.byte	0
 1264 04d4 00       		.byte	0
 1265 04d5 00       		.byte	0
 1266 04d6 02       		.byte	2
 1267 04d7 11       		.byte	17
 1268 04d8 04       		.byte	4
 1269 04d9 04       		.byte	4
 1270 04da 04       		.byte	4
 1271 04db 04       		.byte	4
 1272 04dc 00       		.byte	0
 1273 04dd 00       		.byte	0
 1274 04de 00       		.byte	0
 1275 04df 01       		.byte	1
 1276 04e0 00       		.byte	0
 1277 04e1 00       		.byte	0
 1278 04e2 00       		.byte	0
 1279 04e3 00       		.byte	0
 1280 04e4 00       		.byte	0
 1281 04e5 00       		.byte	0
 1282 04e6 40       		.byte	64
 1283 04e7 02       		.byte	2
 1284 04e8 00       		.byte	0
 1285 04e9 10       		.byte	16
 1286 04ea 30       		.byte	48
 1287 04eb 10       		.byte	16
 1288 04ec 00       		.byte	0
 1289 04ed 10       		.byte	16
 1290 04ee 10       		.byte	16
 1291 04ef 12       		.byte	18
 1292 04f0 00       		.byte	0
 1293 04f1 00       		.byte	0
 1294 04f2 00       		.byte	0
 1295 04f3 00       		.byte	0
 1296 04f4 00       		.byte	0
 1297 04f5 00       		.byte	0
 1298 04f6 00       		.byte	0
 1299 04f7 00       		.byte	0
 1300 04f8 00       		.byte	0
 1301 04f9 00       		.byte	0
 1302 04fa 00       		.byte	0
 1303 04fb 00       		.byte	0
 1304 04fc 00       		.byte	0
 1305 04fd 00       		.byte	0
 1306 04fe 00       		.byte	0
 1307 04ff 00       		.byte	0
 1308 0500 01       		.byte	1
 1309 0501 00       		.byte	0
 1310 0502 00       		.byte	0
 1311 0503 04       		.byte	4
ARM GAS  C:\Users\LOCALA~1\AppData\Local\Temp\ccgRWTZb.s 			page 24


 1312 0504 03       		.byte	3
 1313 0505 18       		.byte	24
 1314 0506 00       		.byte	0
 1315 0507 00       		.byte	0
 1316 0508 1F       		.byte	31
 1317 0509 08       		.byte	8
 1318 050a 60       		.byte	96
 1319 050b 00       		.byte	0
 1320 050c 00       		.byte	0
 1321 050d 40       		.byte	64
 1322 050e 63       		.byte	99
 1323 050f 00       		.byte	0
 1324 0510 02       		.byte	2
 1325 0511 00       		.byte	0
 1326 0512 00       		.byte	0
 1327 0513 63       		.byte	99
 1328 0514 7F       		.byte	127
 1329 0515 FF       		.byte	-1
 1330 0516 00       		.byte	0
 1331 0517 00       		.byte	0
 1332 0518 5C       		.byte	92
 1333 0519 60       		.byte	96
 1334 051a 23       		.byte	35
 1335 051b 00       		.byte	0
 1336 051c 08       		.byte	8
 1337 051d E7       		.byte	-25
 1338 051e 00       		.byte	0
 1339 051f 18       		.byte	24
 1340 0520 73       		.byte	115
 1341 0521 10       		.byte	16
 1342 0522 0C       		.byte	12
 1343 0523 00       		.byte	0
 1344 0524 04       		.byte	4
 1345 0525 1C       		.byte	28
 1346 0526 00       		.byte	0
 1347 0527 E2       		.byte	-30
 1348 0528 0C       		.byte	12
 1349 0529 1C       		.byte	28
 1350 052a 00       		.byte	0
 1351 052b E1       		.byte	-31
 1352 052c 00       		.byte	0
 1353 052d 24       		.byte	36
 1354 052e 00       		.byte	0
 1355 052f 00       		.byte	0
 1356 0530 10       		.byte	16
 1357 0531 60       		.byte	96
 1358 0532 2C       		.byte	44
 1359 0533 00       		.byte	0
 1360 0534 0F       		.byte	15
 1361 0535 1F       		.byte	31
 1362 0536 4C       		.byte	76
 1363 0537 80       		.byte	-128
 1364 0538 00       		.byte	0
 1365 0539 80       		.byte	-128
 1366 053a 28       		.byte	40
 1367 053b 28       		.byte	40
 1368 053c 00       		.byte	0
ARM GAS  C:\Users\LOCALA~1\AppData\Local\Temp\ccgRWTZb.s 			page 25


 1369 053d 00       		.byte	0
 1370 053e 01       		.byte	1
 1371 053f 00       		.byte	0
 1372 0540 24       		.byte	36
 1373 0541 06       		.byte	6
 1374 0542 05       		.byte	5
 1375 0543 00       		.byte	0
 1376 0544 03       		.byte	3
 1377 0545 0C       		.byte	12
 1378 0546 0E       		.byte	14
 1379 0547 00       		.byte	0
 1380 0548 05       		.byte	5
 1381 0549 FF       		.byte	-1
 1382 054a FF       		.byte	-1
 1383 054b FF       		.byte	-1
 1384 054c 62       		.byte	98
 1385 054d A0       		.byte	-96
 1386 054e F0       		.byte	-16
 1387 054f 41       		.byte	65
 1388 0550 0C       		.byte	12
 1389 0551 00       		.byte	0
 1390 0552 00       		.byte	0
 1391 0553 00       		.byte	0
 1392 0554 00       		.byte	0
 1393 0555 00       		.byte	0
 1394 0556 02       		.byte	2
 1395 0557 13       		.byte	19
 1396 0558 04       		.byte	4
 1397 0559 04       		.byte	4
 1398 055a 04       		.byte	4
 1399 055b 04       		.byte	4
 1400 055c 11       		.byte	17
 1401 055d 11       		.byte	17
 1402 055e 00       		.byte	0
 1403 055f 01       		.byte	1
 1404 0560 00       		.byte	0
 1405 0561 00       		.byte	0
 1406 0562 00       		.byte	0
 1407 0563 00       		.byte	0
 1408 0564 00       		.byte	0
 1409 0565 00       		.byte	0
 1410 0566 40       		.byte	64
 1411 0567 02       		.byte	2
 1412 0568 00       		.byte	0
 1413 0569 10       		.byte	16
 1414 056a 30       		.byte	48
 1415 056b 10       		.byte	16
 1416 056c 00       		.byte	0
 1417 056d 10       		.byte	16
 1418 056e 10       		.byte	16
 1419 056f 12       		.byte	18
 1420 0570 00       		.byte	0
 1421 0571 00       		.byte	0
 1422 0572 00       		.byte	0
 1423 0573 00       		.byte	0
 1424 0574 00       		.byte	0
 1425 0575 00       		.byte	0
ARM GAS  C:\Users\LOCALA~1\AppData\Local\Temp\ccgRWTZb.s 			page 26


 1426 0576 00       		.byte	0
 1427 0577 00       		.byte	0
 1428 0578 00       		.byte	0
 1429 0579 00       		.byte	0
 1430 057a 00       		.byte	0
 1431 057b 00       		.byte	0
 1432 057c 00       		.byte	0
 1433 057d 00       		.byte	0
 1434 057e 00       		.byte	0
 1435 057f 00       		.byte	0
 1436 0580 80       		.byte	-128
 1437 0581 00       		.byte	0
 1438 0582 40       		.byte	64
 1439 0583 80       		.byte	-128
 1440 0584 80       		.byte	-128
 1441 0585 00       		.byte	0
 1442 0586 80       		.byte	-128
 1443 0587 00       		.byte	0
 1444 0588 00       		.byte	0
 1445 0589 00       		.byte	0
 1446 058a 00       		.byte	0
 1447 058b 00       		.byte	0
 1448 058c 80       		.byte	-128
 1449 058d 00       		.byte	0
 1450 058e 40       		.byte	64
 1451 058f 8B       		.byte	-117
 1452 0590 8B       		.byte	-117
 1453 0591 00       		.byte	0
 1454 0592 80       		.byte	-128
 1455 0593 00       		.byte	0
 1456 0594 00       		.byte	0
 1457 0595 00       		.byte	0
 1458 0596 00       		.byte	0
 1459 0597 00       		.byte	0
 1460              		.section	.cywolatch,"a",%progbits
 1461              		.align	2
 1462              		.type	cy_meta_wonvl, %object
 1463              		.size	cy_meta_wonvl, 4
 1464              	cy_meta_wonvl:
 1465 0000 BC       		.byte	-68
 1466 0001 90       		.byte	-112
 1467 0002 AC       		.byte	-84
 1468 0003 AF       		.byte	-81
 1469              		.section	.cycustnvl,"a",%progbits
 1470              		.align	2
 1471              		.type	cy_meta_custnvl, %object
 1472              		.size	cy_meta_custnvl, 4
 1473              	cy_meta_custnvl:
 1474 0000 00       		.byte	0
 1475 0001 00       		.byte	0
 1476 0002 40       		.byte	64
 1477 0003 05       		.byte	5
 1478              		.section	.cymeta,"a",%progbits
 1479              		.align	2
 1480              		.type	cy_metadata, %object
 1481              		.size	cy_metadata, 12
 1482              	cy_metadata:
ARM GAS  C:\Users\LOCALA~1\AppData\Local\Temp\ccgRWTZb.s 			page 27


 1483 0000 00       		.byte	0
 1484 0001 01       		.byte	1
 1485 0002 2E       		.byte	46
 1486 0003 16       		.byte	22
 1487 0004 10       		.byte	16
 1488 0005 69       		.byte	105
 1489 0006 00       		.byte	0
 1490 0007 01       		.byte	1
 1491 0008 00       		.byte	0
 1492 0009 00       		.byte	0
 1493 000a 00       		.byte	0
 1494 000b 00       		.byte	0
 1495              		.section	.cyflashprotect,"a",%progbits
 1496              		.align	2
 1497              		.type	cy_meta_flashprotect, %object
 1498              		.size	cy_meta_flashprotect, 256
 1499              	cy_meta_flashprotect:
 1500 0000 00000000 		.space	256
 1500      00000000 
 1500      00000000 
 1500      00000000 
 1500      00000000 
 1501              		.text
 1502              	.Letext0:
 1503              		.file 1 "Generated_Source\\PSoC5\\cymetadata.c"
 1504              		.file 2 "Generated_Source\\PSoC5\\cytypes.h"
 1505              		.section	.debug_info,"",%progbits
 1506              	.Ldebug_info0:
 1507 0000 38010000 		.4byte	0x138
 1508 0004 0400     		.2byte	0x4
 1509 0006 00000000 		.4byte	.Ldebug_abbrev0
 1510 000a 04       		.byte	0x4
 1511 000b 01       		.uleb128 0x1
 1512 000c B4000000 		.4byte	.LASF18
 1513 0010 01       		.byte	0x1
 1514 0011 CA010000 		.4byte	.LASF19
 1515 0015 12000000 		.4byte	.LASF20
 1516 0019 00000000 		.4byte	.Ldebug_line0
 1517 001d 02       		.uleb128 0x2
 1518 001e 01       		.byte	0x1
 1519 001f 06       		.byte	0x6
 1520 0020 BE010000 		.4byte	.LASF0
 1521 0024 02       		.uleb128 0x2
 1522 0025 01       		.byte	0x1
 1523 0026 08       		.byte	0x8
 1524 0027 7D000000 		.4byte	.LASF1
 1525 002b 02       		.uleb128 0x2
 1526 002c 02       		.byte	0x2
 1527 002d 05       		.byte	0x5
 1528 002e A5010000 		.4byte	.LASF2
 1529 0032 02       		.uleb128 0x2
 1530 0033 02       		.byte	0x2
 1531 0034 07       		.byte	0x7
 1532 0035 6A000000 		.4byte	.LASF3
 1533 0039 02       		.uleb128 0x2
 1534 003a 04       		.byte	0x4
 1535 003b 05       		.byte	0x5
ARM GAS  C:\Users\LOCALA~1\AppData\Local\Temp\ccgRWTZb.s 			page 28


 1536 003c B5010000 		.4byte	.LASF4
 1537 0040 02       		.uleb128 0x2
 1538 0041 04       		.byte	0x4
 1539 0042 07       		.byte	0x7
 1540 0043 58000000 		.4byte	.LASF5
 1541 0047 02       		.uleb128 0x2
 1542 0048 08       		.byte	0x8
 1543 0049 05       		.byte	0x5
 1544 004a 92010000 		.4byte	.LASF6
 1545 004e 02       		.uleb128 0x2
 1546 004f 08       		.byte	0x8
 1547 0050 07       		.byte	0x7
 1548 0051 4F010000 		.4byte	.LASF7
 1549 0055 03       		.uleb128 0x3
 1550 0056 04       		.byte	0x4
 1551 0057 05       		.byte	0x5
 1552 0058 696E7400 		.ascii	"int\000"
 1553 005c 02       		.uleb128 0x2
 1554 005d 04       		.byte	0x4
 1555 005e 07       		.byte	0x7
 1556 005f 42010000 		.4byte	.LASF8
 1557 0063 04       		.uleb128 0x4
 1558 0064 AF010000 		.4byte	.LASF21
 1559 0068 02       		.byte	0x2
 1560 0069 9201     		.2byte	0x192
 1561 006b 24000000 		.4byte	0x24
 1562 006f 02       		.uleb128 0x2
 1563 0070 04       		.byte	0x4
 1564 0071 04       		.byte	0x4
 1565 0072 0C000000 		.4byte	.LASF9
 1566 0076 02       		.uleb128 0x2
 1567 0077 08       		.byte	0x8
 1568 0078 04       		.byte	0x4
 1569 0079 8B000000 		.4byte	.LASF10
 1570 007d 02       		.uleb128 0x2
 1571 007e 01       		.byte	0x1
 1572 007f 08       		.byte	0x8
 1573 0080 A0010000 		.4byte	.LASF11
 1574 0084 05       		.uleb128 0x5
 1575 0085 63000000 		.4byte	0x63
 1576 0089 95000000 		.4byte	0x95
 1577 008d 06       		.uleb128 0x6
 1578 008e 95000000 		.4byte	0x95
 1579 0092 9705     		.2byte	0x597
 1580 0094 00       		.byte	0
 1581 0095 02       		.uleb128 0x2
 1582 0096 04       		.byte	0x4
 1583 0097 07       		.byte	0x7
 1584 0098 89010000 		.4byte	.LASF12
 1585 009c 07       		.uleb128 0x7
 1586 009d A2000000 		.4byte	.LASF13
 1587 00a1 01       		.byte	0x1
 1588 00a2 1F       		.byte	0x1f
 1589 00a3 AD000000 		.4byte	0xad
 1590 00a7 05       		.uleb128 0x5
 1591 00a8 03       		.byte	0x3
 1592 00a9 00000000 		.4byte	cy_meta_configecc
ARM GAS  C:\Users\LOCALA~1\AppData\Local\Temp\ccgRWTZb.s 			page 29


 1593 00ad 08       		.uleb128 0x8
 1594 00ae 84000000 		.4byte	0x84
 1595 00b2 05       		.uleb128 0x5
 1596 00b3 63000000 		.4byte	0x63
 1597 00b7 C2000000 		.4byte	0xc2
 1598 00bb 09       		.uleb128 0x9
 1599 00bc 95000000 		.4byte	0x95
 1600 00c0 03       		.byte	0x3
 1601 00c1 00       		.byte	0
 1602 00c2 07       		.uleb128 0x7
 1603 00c3 92000000 		.4byte	.LASF14
 1604 00c7 01       		.byte	0x1
 1605 00c8 DF       		.byte	0xdf
 1606 00c9 D3000000 		.4byte	0xd3
 1607 00cd 05       		.uleb128 0x5
 1608 00ce 03       		.byte	0x3
 1609 00cf 00000000 		.4byte	cy_meta_custnvl
 1610 00d3 08       		.uleb128 0x8
 1611 00d4 B2000000 		.4byte	0xb2
 1612 00d8 07       		.uleb128 0x7
 1613 00d9 7B010000 		.4byte	.LASF15
 1614 00dd 01       		.byte	0x1
 1615 00de ED       		.byte	0xed
 1616 00df E9000000 		.4byte	0xe9
 1617 00e3 05       		.uleb128 0x5
 1618 00e4 03       		.byte	0x3
 1619 00e5 00000000 		.4byte	cy_meta_wonvl
 1620 00e9 08       		.uleb128 0x8
 1621 00ea B2000000 		.4byte	0xb2
 1622 00ee 05       		.uleb128 0x5
 1623 00ef 63000000 		.4byte	0x63
 1624 00f3 FE000000 		.4byte	0xfe
 1625 00f7 09       		.uleb128 0x9
 1626 00f8 95000000 		.4byte	0x95
 1627 00fc FF       		.byte	0xff
 1628 00fd 00       		.byte	0
 1629 00fe 07       		.uleb128 0x7
 1630 00ff 66010000 		.4byte	.LASF16
 1631 0103 01       		.byte	0x1
 1632 0104 FB       		.byte	0xfb
 1633 0105 0F010000 		.4byte	0x10f
 1634 0109 05       		.uleb128 0x5
 1635 010a 03       		.byte	0x3
 1636 010b 00000000 		.4byte	cy_meta_flashprotect
 1637 010f 08       		.uleb128 0x8
 1638 0110 EE000000 		.4byte	0xee
 1639 0114 05       		.uleb128 0x5
 1640 0115 63000000 		.4byte	0x63
 1641 0119 24010000 		.4byte	0x124
 1642 011d 09       		.uleb128 0x9
 1643 011e 95000000 		.4byte	0x95
 1644 0122 0B       		.byte	0xb
 1645 0123 00       		.byte	0
 1646 0124 0A       		.uleb128 0xa
 1647 0125 00000000 		.4byte	.LASF17
 1648 0129 01       		.byte	0x1
 1649 012a 2801     		.2byte	0x128
ARM GAS  C:\Users\LOCALA~1\AppData\Local\Temp\ccgRWTZb.s 			page 30


 1650 012c 36010000 		.4byte	0x136
 1651 0130 05       		.uleb128 0x5
 1652 0131 03       		.byte	0x3
 1653 0132 00000000 		.4byte	cy_metadata
 1654 0136 08       		.uleb128 0x8
 1655 0137 14010000 		.4byte	0x114
 1656 013b 00       		.byte	0
 1657              		.section	.debug_abbrev,"",%progbits
 1658              	.Ldebug_abbrev0:
 1659 0000 01       		.uleb128 0x1
 1660 0001 11       		.uleb128 0x11
 1661 0002 01       		.byte	0x1
 1662 0003 25       		.uleb128 0x25
 1663 0004 0E       		.uleb128 0xe
 1664 0005 13       		.uleb128 0x13
 1665 0006 0B       		.uleb128 0xb
 1666 0007 03       		.uleb128 0x3
 1667 0008 0E       		.uleb128 0xe
 1668 0009 1B       		.uleb128 0x1b
 1669 000a 0E       		.uleb128 0xe
 1670 000b 10       		.uleb128 0x10
 1671 000c 17       		.uleb128 0x17
 1672 000d 00       		.byte	0
 1673 000e 00       		.byte	0
 1674 000f 02       		.uleb128 0x2
 1675 0010 24       		.uleb128 0x24
 1676 0011 00       		.byte	0
 1677 0012 0B       		.uleb128 0xb
 1678 0013 0B       		.uleb128 0xb
 1679 0014 3E       		.uleb128 0x3e
 1680 0015 0B       		.uleb128 0xb
 1681 0016 03       		.uleb128 0x3
 1682 0017 0E       		.uleb128 0xe
 1683 0018 00       		.byte	0
 1684 0019 00       		.byte	0
 1685 001a 03       		.uleb128 0x3
 1686 001b 24       		.uleb128 0x24
 1687 001c 00       		.byte	0
 1688 001d 0B       		.uleb128 0xb
 1689 001e 0B       		.uleb128 0xb
 1690 001f 3E       		.uleb128 0x3e
 1691 0020 0B       		.uleb128 0xb
 1692 0021 03       		.uleb128 0x3
 1693 0022 08       		.uleb128 0x8
 1694 0023 00       		.byte	0
 1695 0024 00       		.byte	0
 1696 0025 04       		.uleb128 0x4
 1697 0026 16       		.uleb128 0x16
 1698 0027 00       		.byte	0
 1699 0028 03       		.uleb128 0x3
 1700 0029 0E       		.uleb128 0xe
 1701 002a 3A       		.uleb128 0x3a
 1702 002b 0B       		.uleb128 0xb
 1703 002c 3B       		.uleb128 0x3b
 1704 002d 05       		.uleb128 0x5
 1705 002e 49       		.uleb128 0x49
 1706 002f 13       		.uleb128 0x13
ARM GAS  C:\Users\LOCALA~1\AppData\Local\Temp\ccgRWTZb.s 			page 31


 1707 0030 00       		.byte	0
 1708 0031 00       		.byte	0
 1709 0032 05       		.uleb128 0x5
 1710 0033 01       		.uleb128 0x1
 1711 0034 01       		.byte	0x1
 1712 0035 49       		.uleb128 0x49
 1713 0036 13       		.uleb128 0x13
 1714 0037 01       		.uleb128 0x1
 1715 0038 13       		.uleb128 0x13
 1716 0039 00       		.byte	0
 1717 003a 00       		.byte	0
 1718 003b 06       		.uleb128 0x6
 1719 003c 21       		.uleb128 0x21
 1720 003d 00       		.byte	0
 1721 003e 49       		.uleb128 0x49
 1722 003f 13       		.uleb128 0x13
 1723 0040 2F       		.uleb128 0x2f
 1724 0041 05       		.uleb128 0x5
 1725 0042 00       		.byte	0
 1726 0043 00       		.byte	0
 1727 0044 07       		.uleb128 0x7
 1728 0045 34       		.uleb128 0x34
 1729 0046 00       		.byte	0
 1730 0047 03       		.uleb128 0x3
 1731 0048 0E       		.uleb128 0xe
 1732 0049 3A       		.uleb128 0x3a
 1733 004a 0B       		.uleb128 0xb
 1734 004b 3B       		.uleb128 0x3b
 1735 004c 0B       		.uleb128 0xb
 1736 004d 49       		.uleb128 0x49
 1737 004e 13       		.uleb128 0x13
 1738 004f 3F       		.uleb128 0x3f
 1739 0050 19       		.uleb128 0x19
 1740 0051 02       		.uleb128 0x2
 1741 0052 18       		.uleb128 0x18
 1742 0053 00       		.byte	0
 1743 0054 00       		.byte	0
 1744 0055 08       		.uleb128 0x8
 1745 0056 26       		.uleb128 0x26
 1746 0057 00       		.byte	0
 1747 0058 49       		.uleb128 0x49
 1748 0059 13       		.uleb128 0x13
 1749 005a 00       		.byte	0
 1750 005b 00       		.byte	0
 1751 005c 09       		.uleb128 0x9
 1752 005d 21       		.uleb128 0x21
 1753 005e 00       		.byte	0
 1754 005f 49       		.uleb128 0x49
 1755 0060 13       		.uleb128 0x13
 1756 0061 2F       		.uleb128 0x2f
 1757 0062 0B       		.uleb128 0xb
 1758 0063 00       		.byte	0
 1759 0064 00       		.byte	0
 1760 0065 0A       		.uleb128 0xa
 1761 0066 34       		.uleb128 0x34
 1762 0067 00       		.byte	0
 1763 0068 03       		.uleb128 0x3
ARM GAS  C:\Users\LOCALA~1\AppData\Local\Temp\ccgRWTZb.s 			page 32


 1764 0069 0E       		.uleb128 0xe
 1765 006a 3A       		.uleb128 0x3a
 1766 006b 0B       		.uleb128 0xb
 1767 006c 3B       		.uleb128 0x3b
 1768 006d 05       		.uleb128 0x5
 1769 006e 49       		.uleb128 0x49
 1770 006f 13       		.uleb128 0x13
 1771 0070 3F       		.uleb128 0x3f
 1772 0071 19       		.uleb128 0x19
 1773 0072 02       		.uleb128 0x2
 1774 0073 18       		.uleb128 0x18
 1775 0074 00       		.byte	0
 1776 0075 00       		.byte	0
 1777 0076 00       		.byte	0
 1778              		.section	.debug_aranges,"",%progbits
 1779 0000 14000000 		.4byte	0x14
 1780 0004 0200     		.2byte	0x2
 1781 0006 00000000 		.4byte	.Ldebug_info0
 1782 000a 04       		.byte	0x4
 1783 000b 00       		.byte	0
 1784 000c 0000     		.2byte	0
 1785 000e 0000     		.2byte	0
 1786 0010 00000000 		.4byte	0
 1787 0014 00000000 		.4byte	0
 1788              		.section	.debug_line,"",%progbits
 1789              	.Ldebug_line0:
 1790 0000 4D000000 		.section	.debug_str,"MS",%progbits,1
 1790      02004700 
 1790      00000201 
 1790      FB0E0D00 
 1790      01010101 
 1791              	.LASF17:
 1792 0000 63795F6D 		.ascii	"cy_metadata\000"
 1792      65746164 
 1792      61746100 
 1793              	.LASF9:
 1794 000c 666C6F61 		.ascii	"float\000"
 1794      7400
 1795              	.LASF20:
 1796 0012 433A5C55 		.ascii	"C:\\Users\\localadmin\\Documents\\PSoC Creator\\Wor"
 1796      73657273 
 1796      5C6C6F63 
 1796      616C6164 
 1796      6D696E5C 
 1797 0040 6B737061 		.ascii	"kspace03\\Design01.cydsn\000"
 1797      63653033 
 1797      5C446573 
 1797      69676E30 
 1797      312E6379 
 1798              	.LASF5:
 1799 0058 6C6F6E67 		.ascii	"long unsigned int\000"
 1799      20756E73 
 1799      69676E65 
 1799      6420696E 
 1799      7400
 1800              	.LASF3:
 1801 006a 73686F72 		.ascii	"short unsigned int\000"
ARM GAS  C:\Users\LOCALA~1\AppData\Local\Temp\ccgRWTZb.s 			page 33


 1801      7420756E 
 1801      7369676E 
 1801      65642069 
 1801      6E7400
 1802              	.LASF1:
 1803 007d 756E7369 		.ascii	"unsigned char\000"
 1803      676E6564 
 1803      20636861 
 1803      7200
 1804              	.LASF10:
 1805 008b 646F7562 		.ascii	"double\000"
 1805      6C6500
 1806              	.LASF14:
 1807 0092 63795F6D 		.ascii	"cy_meta_custnvl\000"
 1807      6574615F 
 1807      63757374 
 1807      6E766C00 
 1808              	.LASF13:
 1809 00a2 63795F6D 		.ascii	"cy_meta_configecc\000"
 1809      6574615F 
 1809      636F6E66 
 1809      69676563 
 1809      6300
 1810              	.LASF18:
 1811 00b4 474E5520 		.ascii	"GNU C 4.9.3 20150303 (release) [ARM/embedded-4_9-br"
 1811      4320342E 
 1811      392E3320 
 1811      32303135 
 1811      30333033 
 1812 00e7 616E6368 		.ascii	"anch revision 221220] -mcpu=cortex-m3 -mthumb -g -O"
 1812      20726576 
 1812      6973696F 
 1812      6E203232 
 1812      31323230 
 1813 011a 67202D66 		.ascii	"g -ffunction-sections -ffat-lto-objects\000"
 1813      66756E63 
 1813      74696F6E 
 1813      2D736563 
 1813      74696F6E 
 1814              	.LASF8:
 1815 0142 756E7369 		.ascii	"unsigned int\000"
 1815      676E6564 
 1815      20696E74 
 1815      00
 1816              	.LASF7:
 1817 014f 6C6F6E67 		.ascii	"long long unsigned int\000"
 1817      206C6F6E 
 1817      6720756E 
 1817      7369676E 
 1817      65642069 
 1818              	.LASF16:
 1819 0166 63795F6D 		.ascii	"cy_meta_flashprotect\000"
 1819      6574615F 
 1819      666C6173 
 1819      6870726F 
 1819      74656374 
 1820              	.LASF15:
ARM GAS  C:\Users\LOCALA~1\AppData\Local\Temp\ccgRWTZb.s 			page 34


 1821 017b 63795F6D 		.ascii	"cy_meta_wonvl\000"
 1821      6574615F 
 1821      776F6E76 
 1821      6C00
 1822              	.LASF12:
 1823 0189 73697A65 		.ascii	"sizetype\000"
 1823      74797065 
 1823      00
 1824              	.LASF6:
 1825 0192 6C6F6E67 		.ascii	"long long int\000"
 1825      206C6F6E 
 1825      6720696E 
 1825      7400
 1826              	.LASF11:
 1827 01a0 63686172 		.ascii	"char\000"
 1827      00
 1828              	.LASF2:
 1829 01a5 73686F72 		.ascii	"short int\000"
 1829      7420696E 
 1829      7400
 1830              	.LASF21:
 1831 01af 75696E74 		.ascii	"uint8\000"
 1831      3800
 1832              	.LASF4:
 1833 01b5 6C6F6E67 		.ascii	"long int\000"
 1833      20696E74 
 1833      00
 1834              	.LASF0:
 1835 01be 7369676E 		.ascii	"signed char\000"
 1835      65642063 
 1835      68617200 
 1836              	.LASF19:
 1837 01ca 47656E65 		.ascii	"Generated_Source\\PSoC5\\cymetadata.c\000"
 1837      72617465 
 1837      645F536F 
 1837      75726365 
 1837      5C50536F 
 1838              		.ident	"GCC: (GNU Tools for ARM Embedded Processors) 4.9.3 20150303 (release) [ARM/embedded-4_9-br
